# JRE version: Java(TM) SE Runtime Environment (8.0_92-b14) (build 1.8.0_92-b14)
# Java VM: Java HotSpot(TM) 64-Bit Server VM (25.92-b14 mixed mode linux-amd64 compressed oops)
Heap:
 PSYoungGen      total 118272K, used 89899K [0x00000000d7300000, 0x00000000e0480000, 0x0000000100000000)
  eden space 104960K, 85% used [0x00000000d7300000,0x00000000dcacaf50,0x00000000dd980000)
  from space 13312K, 0% used [0x00000000deb80000,0x00000000deb80000,0x00000000df880000)
  to   space 18432K, 0% used [0x00000000dd980000,0x00000000dd980000,0x00000000deb80000)
 ParOldGen       total 77824K, used 29643K [0x0000000085800000, 0x000000008a400000, 0x00000000d7300000)
  object space 77824K, 38% used [0x0000000085800000,0x00000000874f2e28,0x000000008a400000)
 Metaspace       used 37559K, capacity 39690K, committed 39808K, reserved 1083392K
  class space    used 5151K, capacity 5497K, committed 5504K, reserved 1048576K
GC Heap History (10 events):
Event: 39,990 GC heap before
{Heap before GC invocations=6 (full 1):
 PSYoungGen      total 36864K, used 34309K [0x00000000d7300000, 0x00000000d9c00000, 0x0000000100000000)
  eden space 31744K, 100% used [0x00000000d7300000,0x00000000d9200000,0x00000000d9200000)
  from space 5120K, 50% used [0x00000000d9700000,0x00000000d99814b8,0x00000000d9c00000)
  to   space 5120K, 0% used [0x00000000d9200000,0x00000000d9200000,0x00000000d9700000)
 ParOldGen       total 47616K, used 10316K [0x0000000085800000, 0x0000000088680000, 0x00000000d7300000)
  object space 47616K, 21% used [0x0000000085800000,0x0000000086213280,0x0000000088680000)
 Metaspace       used 27545K, capacity 28412K, committed 28672K, reserved 1073152K
  class space    used 3748K, capacity 3986K, committed 4096K, reserved 1048576K
Event: 39,997 GC heap after
Heap after GC invocations=6 (full 1):
 PSYoungGen      total 36864K, used 2811K [0x00000000d7300000, 0x00000000dc280000, 0x0000000100000000)
  eden space 31744K, 0% used [0x00000000d7300000,0x00000000d7300000,0x00000000d9200000)
  from space 5120K, 54% used [0x00000000d9200000,0x00000000d94bee20,0x00000000d9700000)
  to   space 11264K, 0% used [0x00000000db780000,0x00000000db780000,0x00000000dc280000)
 ParOldGen       total 47616K, used 10324K [0x0000000085800000, 0x0000000088680000, 0x00000000d7300000)
  object space 47616K, 21% used [0x0000000085800000,0x0000000086215280,0x0000000088680000)
 Metaspace       used 27545K, capacity 28412K, committed 28672K, reserved 1073152K
  class space    used 3748K, capacity 3986K, committed 4096K, reserved 1048576K
}
Event: 40,518 GC heap before
{Heap before GC invocations=7 (full 1):
 PSYoungGen      total 36864K, used 34555K [0x00000000d7300000, 0x00000000dc280000, 0x0000000100000000)
  eden space 31744K, 100% used [0x00000000d7300000,0x00000000d9200000,0x00000000d9200000)
  from space 5120K, 54% used [0x00000000d9200000,0x00000000d94bee20,0x00000000d9700000)
  to   space 11264K, 0% used [0x00000000db780000,0x00000000db780000,0x00000000dc280000)
 ParOldGen       total 47616K, used 10324K [0x0000000085800000, 0x0000000088680000, 0x00000000d7300000)
  object space 47616K, 21% used [0x0000000085800000,0x0000000086215280,0x0000000088680000)
 Metaspace       used 28210K, capacity 29142K, committed 29440K, reserved 1075200K
  class space    used 3859K, capacity 4069K, committed 4096K, reserved 1048576K
Event: 40,530 GC heap after
Heap after GC invocations=7 (full 1):
 PSYoungGen      total 70656K, used 3296K [0x00000000d7300000, 0x00000000dc280000, 0x0000000100000000)
  eden space 59392K, 0% used [0x00000000d7300000,0x00000000d7300000,0x00000000dad00000)
  from space 11264K, 29% used [0x00000000db780000,0x00000000dbab8000,0x00000000dc280000)
  to   space 10752K, 0% used [0x00000000dad00000,0x00000000dad00000,0x00000000db780000)
 ParOldGen       total 47616K, used 10332K [0x0000000085800000, 0x0000000088680000, 0x00000000d7300000)
  object space 47616K, 21% used [0x0000000085800000,0x0000000086217280,0x0000000088680000)
 Metaspace       used 28210K, capacity 29142K, committed 29440K, reserved 1075200K
  class space    used 3859K, capacity 4069K, committed 4096K, reserved 1048576K
}
Event: 53,466 GC heap before
{Heap before GC invocations=8 (full 1):
 PSYoungGen      total 70656K, used 62688K [0x00000000d7300000, 0x00000000dc280000, 0x0000000100000000)
  eden space 59392K, 100% used [0x00000000d7300000,0x00000000dad00000,0x00000000dad00000)
  from space 11264K, 29% used [0x00000000db780000,0x00000000dbab8000,0x00000000dc280000)
  to   space 10752K, 0% used [0x00000000dad00000,0x00000000dad00000,0x00000000db780000)
 ParOldGen       total 47616K, used 10332K [0x0000000085800000, 0x0000000088680000, 0x00000000d7300000)
  object space 47616K, 21% used [0x0000000085800000,0x0000000086217280,0x0000000088680000)
 Metaspace       used 32666K, capacity 34432K, committed 34688K, reserved 1079296K
  class space    used 4619K, capacity 4930K, committed 4992K, reserved 1048576K
Event: 53,498 GC heap after
Heap after GC invocations=8 (full 1):
 PSYoungGen      total 70144K, used 10745K [0x00000000d7300000, 0x00000000df880000, 0x0000000100000000)
  eden space 59392K, 0% used [0x00000000d7300000,0x00000000d7300000,0x00000000dad00000)
  from space 10752K, 99% used [0x00000000dad00000,0x00000000db77e4b0,0x00000000db780000)
  to   space 13312K, 0% used [0x00000000deb80000,0x00000000deb80000,0x00000000df880000)
 ParOldGen       total 47616K, used 10994K [0x0000000085800000, 0x0000000088680000, 0x00000000d7300000)
  object space 47616K, 23% used [0x0000000085800000,0x00000000862bc860,0x0000000088680000)
 Metaspace       used 32666K, capacity 34432K, committed 34688K, reserved 1079296K
  class space    used 4619K, capacity 4930K, committed 4992K, reserved 1048576K
}
Event: 55,225 GC heap before
{Heap before GC invocations=9 (full 1):
 PSYoungGen      total 70144K, used 38316K [0x00000000d7300000, 0x00000000df880000, 0x0000000100000000)
  eden space 59392K, 46% used [0x00000000d7300000,0x00000000d8decf30,0x00000000dad00000)
  from space 10752K, 99% used [0x00000000dad00000,0x00000000db77e4b0,0x00000000db780000)
  to   space 13312K, 0% used [0x00000000deb80000,0x00000000deb80000,0x00000000df880000)
 ParOldGen       total 47616K, used 10994K [0x0000000085800000, 0x0000000088680000, 0x00000000d7300000)
  object space 47616K, 23% used [0x0000000085800000,0x00000000862bc860,0x0000000088680000)
 Metaspace       used 33450K, capacity 35272K, committed 35416K, reserved 1079296K
  class space    used 4706K, capacity 5026K, committed 5120K, reserved 1048576K
Event: 55,269 GC heap after
Heap after GC invocations=9 (full 1):
 PSYoungGen      total 118272K, used 13287K [0x00000000d7300000, 0x00000000e0480000, 0x0000000100000000)
  eden space 104960K, 0% used [0x00000000d7300000,0x00000000d7300000,0x00000000dd980000)
  from space 13312K, 99% used [0x00000000deb80000,0x00000000df879e40,0x00000000df880000)
  to   space 18432K, 0% used [0x00000000dd980000,0x00000000dd980000,0x00000000deb80000)
 ParOldGen       total 47616K, used 17960K [0x0000000085800000, 0x0000000088680000, 0x00000000d7300000)
  object space 47616K, 37% used [0x0000000085800000,0x000000008698a170,0x0000000088680000)
 Metaspace       used 33450K, capacity 35272K, committed 35416K, reserved 1079296K
  class space    used 4706K, capacity 5026K, committed 5120K, reserved 1048576K
}
Event: 55,269 GC heap before
{Heap before GC invocations=10 (full 2):
 PSYoungGen      total 118272K, used 13287K [0x00000000d7300000, 0x00000000e0480000, 0x0000000100000000)
  eden space 104960K, 0% used [0x00000000d7300000,0x00000000d7300000,0x00000000dd980000)
  from space 13312K, 99% used [0x00000000deb80000,0x00000000df879e40,0x00000000df880000)
  to   space 18432K, 0% used [0x00000000dd980000,0x00000000dd980000,0x00000000deb80000)
 ParOldGen       total 47616K, used 17960K [0x0000000085800000, 0x0000000088680000, 0x00000000d7300000)
  object space 47616K, 37% used [0x0000000085800000,0x000000008698a170,0x0000000088680000)
 Metaspace       used 33450K, capacity 35272K, committed 35416K, reserved 1079296K
  class space    used 4706K, capacity 5026K, committed 5120K, reserved 1048576K
Event: 55,441 GC heap after
Heap after GC invocations=10 (full 2):
 PSYoungGen      total 118272K, used 0K [0x00000000d7300000, 0x00000000e0480000, 0x0000000100000000)
  eden space 104960K, 0% used [0x00000000d7300000,0x00000000d7300000,0x00000000dd980000)
  from space 13312K, 0% used [0x00000000deb80000,0x00000000deb80000,0x00000000df880000)
  to   space 18432K, 0% used [0x00000000dd980000,0x00000000dd980000,0x00000000deb80000)
 ParOldGen       total 77824K, used 29643K [0x0000000085800000, 0x000000008a400000, 0x00000000d7300000)
  object space 77824K, 38% used [0x0000000085800000,0x00000000874f2e28,0x000000008a400000)
 Metaspace       used 33450K, capacity 35272K, committed 35416K, reserved 1079296K
  class space    used 4706K, capacity 5026K, committed 5120K, reserved 1048576K
}

