# JRE version: Java(TM) SE Runtime Environment (8.0_31-b13) (build 1.8.0_31-b13)
# Java VM: Java HotSpot(TM) 64-Bit Server VM (25.31-b07 mixed mode linux-amd64 compressed oops)
Heap:
 PSYoungGen      total 131584K, used 22471K [0x00000000d7200000, 0x00000000e7b00000, 0x0000000100000000)
  eden space 123904K, 18% used [0x00000000d7200000,0x00000000d87f1fe0,0x00000000deb00000)
  from space 7680K, 0% used [0x00000000deb00000,0x00000000deb00000,0x00000000df280000)
  to   space 15872K, 0% used [0x00000000e6b80000,0x00000000e6b80000,0x00000000e7b00000)
 ParOldGen       total 70144K, used 25784K [0x0000000085600000, 0x0000000089a80000, 0x00000000d7200000)
  object space 70144K, 36% used [0x0000000085600000,0x0000000086f2e360,0x0000000089a80000)
 Metaspace       used 34356K, capacity 36168K, committed 36312K, reserved 1081344K
  class space    used 4715K, capacity 5006K, committed 5120K, reserved 1048576K
GC Heap History (10 events):
Event: 22,593 GC heap before
{Heap before GC invocations=5 (full 0):
 PSYoungGen      total 68608K, used 43367K [0x00000000d7200000, 0x00000000dba00000, 0x0000000100000000)
  eden space 63488K, 60% used [0x00000000d7200000,0x00000000d9760f58,0x00000000db000000)
  from space 5120K, 99% used [0x00000000db500000,0x00000000db9f8fb0,0x00000000dba00000)
  to   space 5120K, 0% used [0x00000000db000000,0x00000000db000000,0x00000000db500000)
 ParOldGen       total 84992K, used 1948K [0x0000000085600000, 0x000000008a900000, 0x00000000d7200000)
  object space 84992K, 2% used [0x0000000085600000,0x00000000857e7038,0x000000008a900000)
 Metaspace       used 20473K, capacity 21080K, committed 21248K, reserved 1067008K
  class space    used 2821K, capacity 2954K, committed 3072K, reserved 1048576K
Event: 22,618 GC heap after
Heap after GC invocations=5 (full 0):
 PSYoungGen      total 68608K, used 5104K [0x00000000d7200000, 0x00000000dfc00000, 0x0000000100000000)
  eden space 63488K, 0% used [0x00000000d7200000,0x00000000d7200000,0x00000000db000000)
  from space 5120K, 99% used [0x00000000db000000,0x00000000db4fc030,0x00000000db500000)
  to   space 7168K, 0% used [0x00000000df500000,0x00000000df500000,0x00000000dfc00000)
 ParOldGen       total 84992K, used 3500K [0x0000000085600000, 0x000000008a900000, 0x00000000d7200000)
  object space 84992K, 4% used [0x0000000085600000,0x000000008596b258,0x000000008a900000)
 Metaspace       used 20473K, capacity 21080K, committed 21248K, reserved 1067008K
  class space    used 2821K, capacity 2954K, committed 3072K, reserved 1048576K
}
Event: 22,618 GC heap before
{Heap before GC invocations=6 (full 1):
 PSYoungGen      total 68608K, used 5104K [0x00000000d7200000, 0x00000000dfc00000, 0x0000000100000000)
  eden space 63488K, 0% used [0x00000000d7200000,0x00000000d7200000,0x00000000db000000)
  from space 5120K, 99% used [0x00000000db000000,0x00000000db4fc030,0x00000000db500000)
  to   space 7168K, 0% used [0x00000000df500000,0x00000000df500000,0x00000000dfc00000)
 ParOldGen       total 84992K, used 3500K [0x0000000085600000, 0x000000008a900000, 0x00000000d7200000)
  object space 84992K, 4% used [0x0000000085600000,0x000000008596b258,0x000000008a900000)
 Metaspace       used 20473K, capacity 21080K, committed 21248K, reserved 1067008K
  class space    used 2821K, capacity 2954K, committed 3072K, reserved 1048576K
Event: 22,742 GC heap after
Heap after GC invocations=6 (full 1):
 PSYoungGen      total 68608K, used 0K [0x00000000d7200000, 0x00000000dfc00000, 0x0000000100000000)
  eden space 63488K, 0% used [0x00000000d7200000,0x00000000d7200000,0x00000000db000000)
  from space 5120K, 0% used [0x00000000db000000,0x00000000db000000,0x00000000db500000)
  to   space 7168K, 0% used [0x00000000df500000,0x00000000df500000,0x00000000dfc00000)
 ParOldGen       total 42496K, used 7292K [0x0000000085600000, 0x0000000087f80000, 0x00000000d7200000)
  object space 42496K, 17% used [0x0000000085600000,0x0000000085d1f348,0x0000000087f80000)
 Metaspace       used 20472K, capacity 21078K, committed 21248K, reserved 1067008K
  class space    used 2820K, capacity 2953K, committed 3072K, reserved 1048576K
}
Event: 25,735 GC heap before
{Heap before GC invocations=7 (full 1):
 PSYoungGen      total 68608K, used 63488K [0x00000000d7200000, 0x00000000dfc00000, 0x0000000100000000)
  eden space 63488K, 100% used [0x00000000d7200000,0x00000000db000000,0x00000000db000000)
  from space 5120K, 0% used [0x00000000db000000,0x00000000db000000,0x00000000db500000)
  to   space 7168K, 0% used [0x00000000df500000,0x00000000df500000,0x00000000dfc00000)
 ParOldGen       total 42496K, used 7292K [0x0000000085600000, 0x0000000087f80000, 0x00000000d7200000)
  object space 42496K, 17% used [0x0000000085600000,0x0000000085d1f348,0x0000000087f80000)
 Metaspace       used 25163K, capacity 25792K, committed 25984K, reserved 1071104K
  class space    used 3524K, capacity 3664K, committed 3712K, reserved 1048576K
Event: 25,761 GC heap after
Heap after GC invocations=7 (full 1):
 PSYoungGen      total 129024K, used 2405K [0x00000000d7200000, 0x00000000dfa00000, 0x0000000100000000)
  eden space 123904K, 0% used [0x00000000d7200000,0x00000000d7200000,0x00000000deb00000)
  from space 5120K, 46% used [0x00000000df500000,0x00000000df7594b8,0x00000000dfa00000)
  to   space 7680K, 0% used [0x00000000deb00000,0x00000000deb00000,0x00000000df280000)
 ParOldGen       total 42496K, used 7300K [0x0000000085600000, 0x0000000087f80000, 0x00000000d7200000)
  object space 42496K, 17% used [0x0000000085600000,0x0000000085d21348,0x0000000087f80000)
 Metaspace       used 25163K, capacity 25792K, committed 25984K, reserved 1071104K
  class space    used 3524K, capacity 3664K, committed 3712K, reserved 1048576K
}
Event: 100,593 GC heap before
{Heap before GC invocations=8 (full 1):
 PSYoungGen      total 129024K, used 126309K [0x00000000d7200000, 0x00000000dfa00000, 0x0000000100000000)
  eden space 123904K, 100% used [0x00000000d7200000,0x00000000deb00000,0x00000000deb00000)
  from space 5120K, 46% used [0x00000000df500000,0x00000000df7594b8,0x00000000dfa00000)
  to   space 7680K, 0% used [0x00000000deb00000,0x00000000deb00000,0x00000000df280000)
 ParOldGen       total 42496K, used 7300K [0x0000000085600000, 0x0000000087f80000, 0x00000000d7200000)
  object space 42496K, 17% used [0x0000000085600000,0x0000000085d21348,0x0000000087f80000)
 Metaspace       used 33637K, capacity 35340K, committed 35416K, reserved 1079296K
  class space    used 4639K, capacity 4920K, committed 4992K, reserved 1048576K
Event: 100,667 GC heap after
Heap after GC invocations=8 (full 1):
 PSYoungGen      total 131584K, used 7678K [0x00000000d7200000, 0x00000000e7b00000, 0x0000000100000000)
  eden space 123904K, 0% used [0x00000000d7200000,0x00000000d7200000,0x00000000deb00000)
  from space 7680K, 99% used [0x00000000deb00000,0x00000000df27f840,0x00000000df280000)
  to   space 15872K, 0% used [0x00000000e6b80000,0x00000000e6b80000,0x00000000e7b00000)
 ParOldGen       total 42496K, used 22228K [0x0000000085600000, 0x0000000087f80000, 0x00000000d7200000)
  object space 42496K, 52% used [0x0000000085600000,0x0000000086bb5148,0x0000000087f80000)
 Metaspace       used 33637K, capacity 35340K, committed 35416K, reserved 1079296K
  class space    used 4639K, capacity 4920K, committed 4992K, reserved 1048576K
}
Event: 100,667 GC heap before
{Heap before GC invocations=9 (full 2):
 PSYoungGen      total 131584K, used 7678K [0x00000000d7200000, 0x00000000e7b00000, 0x0000000100000000)
  eden space 123904K, 0% used [0x00000000d7200000,0x00000000d7200000,0x00000000deb00000)
  from space 7680K, 99% used [0x00000000deb00000,0x00000000df27f840,0x00000000df280000)
  to   space 15872K, 0% used [0x00000000e6b80000,0x00000000e6b80000,0x00000000e7b00000)
 ParOldGen       total 42496K, used 22228K [0x0000000085600000, 0x0000000087f80000, 0x00000000d7200000)
  object space 42496K, 52% used [0x0000000085600000,0x0000000086bb5148,0x0000000087f80000)
 Metaspace       used 33637K, capacity 35340K, committed 35416K, reserved 1079296K
  class space    used 4639K, capacity 4920K, committed 4992K, reserved 1048576K
Event: 100,948 GC heap after
Heap after GC invocations=9 (full 2):
 PSYoungGen      total 131584K, used 0K [0x00000000d7200000, 0x00000000e7b00000, 0x0000000100000000)
  eden space 123904K, 0% used [0x00000000d7200000,0x00000000d7200000,0x00000000deb00000)
  from space 7680K, 0% used [0x00000000deb00000,0x00000000deb00000,0x00000000df280000)
  to   space 15872K, 0% used [0x00000000e6b80000,0x00000000e6b80000,0x00000000e7b00000)
 ParOldGen       total 70144K, used 25784K [0x0000000085600000, 0x0000000089a80000, 0x00000000d7200000)
  object space 70144K, 36% used [0x0000000085600000,0x0000000086f2e360,0x0000000089a80000)
 Metaspace       used 33637K, capacity 35340K, committed 35416K, reserved 1079296K
  class space    used 4639K, capacity 4920K, committed 4992K, reserved 1048576K
}

